20:27:53,546 root DEBUG running analyzer now
20:27:56,668 py4j.java_gateway DEBUG GatewayClient.address is deprecated and will be removed in version 1.0. Use GatewayParameters instead.
20:27:56,672 py4j.clientserver DEBUG Command to send: A
bf44a4d8c6b8c0cb49ccbc7038ced2debdc78fd0706b25fda88a44160c1b2838

20:27:56,704 py4j.clientserver DEBUG Answer received: !yv
20:27:56,704 py4j.clientserver DEBUG Command to send: j
i
rj
org.apache.spark.SparkConf
e

20:27:56,707 py4j.clientserver DEBUG Answer received: !yv
20:27:56,707 py4j.clientserver DEBUG Command to send: j
i
rj
org.apache.spark.api.java.*
e

20:27:56,708 py4j.clientserver DEBUG Answer received: !yv
20:27:56,708 py4j.clientserver DEBUG Command to send: j
i
rj
org.apache.spark.api.python.*
e

20:27:56,708 py4j.clientserver DEBUG Answer received: !yv
20:27:56,708 py4j.clientserver DEBUG Command to send: j
i
rj
org.apache.spark.ml.python.*
e

20:27:56,710 py4j.clientserver DEBUG Answer received: !yv
20:27:56,710 py4j.clientserver DEBUG Command to send: j
i
rj
org.apache.spark.mllib.api.python.*
e

20:27:56,710 py4j.clientserver DEBUG Answer received: !yv
20:27:56,710 py4j.clientserver DEBUG Command to send: j
i
rj
org.apache.spark.resource.*
e

20:27:56,710 py4j.clientserver DEBUG Answer received: !yv
20:27:56,710 py4j.clientserver DEBUG Command to send: j
i
rj
org.apache.spark.sql.*
e

20:27:56,710 py4j.clientserver DEBUG Answer received: !yv
20:27:56,710 py4j.clientserver DEBUG Command to send: j
i
rj
org.apache.spark.sql.api.python.*
e

20:27:56,710 py4j.clientserver DEBUG Answer received: !yv
20:27:56,711 py4j.clientserver DEBUG Command to send: j
i
rj
org.apache.spark.sql.hive.*
e

20:27:56,711 py4j.clientserver DEBUG Answer received: !yv
20:27:56,711 py4j.clientserver DEBUG Command to send: j
i
rj
scala.Tuple2
e

20:27:56,711 py4j.clientserver DEBUG Answer received: !yv
20:27:56,711 py4j.clientserver DEBUG Command to send: r
u
SparkConf
rj
e

20:27:56,714 py4j.clientserver DEBUG Answer received: !ycorg.apache.spark.SparkConf
20:27:56,714 py4j.clientserver DEBUG Command to send: i
org.apache.spark.SparkConf
bTrue
e

20:27:56,720 py4j.clientserver DEBUG Answer received: !yro0
20:27:56,720 py4j.clientserver DEBUG Command to send: c
o0
set
sspark.master
slocal
e

20:27:56,728 py4j.clientserver DEBUG Answer received: !yro1
20:27:56,728 py4j.clientserver DEBUG Command to send: c
o0
set
sspark.app.name
sapp
e

20:27:56,728 py4j.clientserver DEBUG Answer received: !yro2
20:27:56,728 py4j.clientserver DEBUG Command to send: c
o0
contains
sspark.serializer.objectStreamReset
e

20:27:56,729 py4j.clientserver DEBUG Answer received: !ybfalse
20:27:56,729 py4j.clientserver DEBUG Command to send: c
o0
set
sspark.serializer.objectStreamReset
s100
e

20:27:56,729 py4j.clientserver DEBUG Answer received: !yro3
20:27:56,730 py4j.clientserver DEBUG Command to send: c
o0
contains
sspark.rdd.compress
e

20:27:56,730 py4j.clientserver DEBUG Answer received: !ybfalse
20:27:56,730 py4j.clientserver DEBUG Command to send: c
o0
set
sspark.rdd.compress
sTrue
e

20:27:56,730 py4j.clientserver DEBUG Answer received: !yro4
20:27:56,731 py4j.clientserver DEBUG Command to send: c
o0
contains
sspark.master
e

20:27:56,731 py4j.clientserver DEBUG Answer received: !ybtrue
20:27:56,731 py4j.clientserver DEBUG Command to send: c
o0
contains
sspark.app.name
e

20:27:56,731 py4j.clientserver DEBUG Answer received: !ybtrue
20:27:56,731 py4j.clientserver DEBUG Command to send: c
o0
contains
sspark.master
e

20:27:56,734 py4j.clientserver DEBUG Answer received: !ybtrue
20:27:56,735 py4j.clientserver DEBUG Command to send: c
o0
get
sspark.master
e

20:27:56,735 py4j.clientserver DEBUG Answer received: !yslocal
20:27:56,735 py4j.clientserver DEBUG Command to send: c
o0
contains
sspark.app.name
e

20:27:56,735 py4j.clientserver DEBUG Answer received: !ybtrue
20:27:56,735 py4j.clientserver DEBUG Command to send: c
o0
get
sspark.app.name
e

20:27:56,737 py4j.clientserver DEBUG Answer received: !ysapp
20:27:56,737 py4j.clientserver DEBUG Command to send: c
o0
contains
sspark.home
e

20:27:56,737 py4j.clientserver DEBUG Answer received: !ybfalse
20:27:56,737 py4j.clientserver DEBUG Command to send: c
o0
getAll
e

20:27:56,737 py4j.clientserver DEBUG Answer received: !yto5
20:27:56,738 py4j.clientserver DEBUG Command to send: a
e
o5
e

20:27:56,738 py4j.clientserver DEBUG Answer received: !yi7
20:27:56,738 py4j.clientserver DEBUG Command to send: a
g
o5
i0
e

20:27:56,738 py4j.clientserver DEBUG Answer received: !yro6
20:27:56,739 py4j.clientserver DEBUG Command to send: c
o6
_1
e

20:27:56,739 py4j.clientserver DEBUG Answer received: !ysspark.master
20:27:56,740 py4j.clientserver DEBUG Command to send: c
o6
_2
e

20:27:56,740 py4j.clientserver DEBUG Answer received: !yslocal
20:27:56,740 py4j.clientserver DEBUG Command to send: a
e
o5
e

20:27:56,740 py4j.clientserver DEBUG Answer received: !yi7
20:27:56,740 py4j.clientserver DEBUG Command to send: a
g
o5
i1
e

20:27:56,741 py4j.clientserver DEBUG Answer received: !yro7
20:27:56,741 py4j.clientserver DEBUG Command to send: c
o7
_1
e

20:27:56,741 py4j.clientserver DEBUG Answer received: !ysspark.app.name
20:27:56,741 py4j.clientserver DEBUG Command to send: c
o7
_2
e

20:27:56,742 py4j.clientserver DEBUG Answer received: !ysapp
20:27:56,742 py4j.clientserver DEBUG Command to send: a
e
o5
e

20:27:56,742 py4j.clientserver DEBUG Answer received: !yi7
20:27:56,742 py4j.clientserver DEBUG Command to send: a
g
o5
i2
e

20:27:56,742 py4j.clientserver DEBUG Answer received: !yro8
20:27:56,742 py4j.clientserver DEBUG Command to send: c
o8
_1
e

20:27:56,743 py4j.clientserver DEBUG Answer received: !ysspark.rdd.compress
20:27:56,743 py4j.clientserver DEBUG Command to send: c
o8
_2
e

20:27:56,743 py4j.clientserver DEBUG Answer received: !ysTrue
20:27:56,743 py4j.clientserver DEBUG Command to send: a
e
o5
e

20:27:56,743 py4j.clientserver DEBUG Answer received: !yi7
20:27:56,743 py4j.clientserver DEBUG Command to send: a
g
o5
i3
e

20:27:56,744 py4j.clientserver DEBUG Answer received: !yro9
20:27:56,744 py4j.clientserver DEBUG Command to send: c
o9
_1
e

20:27:56,744 py4j.clientserver DEBUG Answer received: !ysspark.serializer.objectStreamReset
20:27:56,744 py4j.clientserver DEBUG Command to send: c
o9
_2
e

20:27:56,745 py4j.clientserver DEBUG Answer received: !ys100
20:27:56,745 py4j.clientserver DEBUG Command to send: a
e
o5
e

20:27:56,745 py4j.clientserver DEBUG Answer received: !yi7
20:27:56,745 py4j.clientserver DEBUG Command to send: a
g
o5
i4
e

20:27:56,745 py4j.clientserver DEBUG Answer received: !yro10
20:27:56,746 py4j.clientserver DEBUG Command to send: c
o10
_1
e

20:27:56,746 py4j.clientserver DEBUG Answer received: !ysspark.submit.pyFiles
20:27:56,746 py4j.clientserver DEBUG Command to send: c
o10
_2
e

20:27:56,746 py4j.clientserver DEBUG Answer received: !ys
20:27:56,746 py4j.clientserver DEBUG Command to send: a
e
o5
e

20:27:56,747 py4j.clientserver DEBUG Answer received: !yi7
20:27:56,747 py4j.clientserver DEBUG Command to send: a
g
o5
i5
e

20:27:56,747 py4j.clientserver DEBUG Answer received: !yro11
20:27:56,747 py4j.clientserver DEBUG Command to send: c
o11
_1
e

20:27:56,747 py4j.clientserver DEBUG Answer received: !ysspark.submit.deployMode
20:27:56,747 py4j.clientserver DEBUG Command to send: c
o11
_2
e

20:27:56,748 py4j.clientserver DEBUG Answer received: !ysclient
20:27:56,748 py4j.clientserver DEBUG Command to send: a
e
o5
e

20:27:56,748 py4j.clientserver DEBUG Answer received: !yi7
20:27:56,748 py4j.clientserver DEBUG Command to send: a
g
o5
i6
e

20:27:56,748 py4j.clientserver DEBUG Answer received: !yro12
20:27:56,749 py4j.clientserver DEBUG Command to send: c
o12
_1
e

20:27:56,749 py4j.clientserver DEBUG Answer received: !ysspark.ui.showConsoleProgress
20:27:56,749 py4j.clientserver DEBUG Command to send: c
o12
_2
e

20:27:56,749 py4j.clientserver DEBUG Answer received: !ystrue
20:27:56,749 py4j.clientserver DEBUG Command to send: a
e
o5
e

20:27:56,750 py4j.clientserver DEBUG Answer received: !yi7
20:27:56,750 py4j.clientserver DEBUG Command to send: r
u
JavaSparkContext
rj
e

20:27:56,762 py4j.clientserver DEBUG Answer received: !ycorg.apache.spark.api.java.JavaSparkContext
20:27:56,762 py4j.clientserver DEBUG Command to send: i
org.apache.spark.api.java.JavaSparkContext
ro0
e

20:27:57,682 py4j.clientserver DEBUG Command to send: A
bf44a4d8c6b8c0cb49ccbc7038ced2debdc78fd0706b25fda88a44160c1b2838

20:27:57,682 py4j.clientserver DEBUG Answer received: !yv
20:27:57,683 py4j.clientserver DEBUG Command to send: m
d
o1
e

20:27:57,683 py4j.clientserver DEBUG Answer received: !yv
20:27:57,683 py4j.clientserver DEBUG Command to send: m
d
o2
e

20:27:57,683 py4j.clientserver DEBUG Answer received: !yv
20:27:57,683 py4j.clientserver DEBUG Command to send: m
d
o3
e

20:27:57,684 py4j.clientserver DEBUG Answer received: !yv
20:27:57,684 py4j.clientserver DEBUG Command to send: m
d
o4
e

20:27:57,684 py4j.clientserver DEBUG Answer received: !yv
20:27:57,684 py4j.clientserver DEBUG Command to send: m
d
o5
e

20:27:57,684 py4j.clientserver DEBUG Answer received: !yv
20:28:00,176 py4j.clientserver DEBUG Answer received: !yro13
20:28:00,176 py4j.clientserver DEBUG Command to send: c
o13
sc
e

20:28:00,181 py4j.clientserver DEBUG Answer received: !yro14
20:28:00,181 py4j.clientserver DEBUG Command to send: c
o14
conf
e

20:28:00,204 py4j.clientserver DEBUG Answer received: !yro15
20:28:00,213 py4j.clientserver DEBUG Command to send: r
u
PythonAccumulatorV2
rj
e

20:28:00,216 py4j.clientserver DEBUG Answer received: !ycorg.apache.spark.api.python.PythonAccumulatorV2
20:28:00,216 py4j.clientserver DEBUG Command to send: i
org.apache.spark.api.python.PythonAccumulatorV2
s127.0.0.1
i51684
sbf44a4d8c6b8c0cb49ccbc7038ced2debdc78fd0706b25fda88a44160c1b2838
e

20:28:00,217 py4j.clientserver DEBUG Answer received: !yro16
20:28:00,217 py4j.clientserver DEBUG Command to send: c
o13
sc
e

20:28:00,217 py4j.clientserver DEBUG Answer received: !yro17
20:28:00,218 py4j.clientserver DEBUG Command to send: c
o17
register
ro16
e

20:28:00,222 py4j.clientserver DEBUG Answer received: !yv
20:28:00,222 py4j.clientserver DEBUG Command to send: r
u
PythonUtils
rj
e

20:28:00,224 py4j.clientserver DEBUG Answer received: !ycorg.apache.spark.api.python.PythonUtils
20:28:00,224 py4j.clientserver DEBUG Command to send: r
m
org.apache.spark.api.python.PythonUtils
isEncryptionEnabled
e

20:28:00,225 py4j.clientserver DEBUG Answer received: !ym
20:28:00,225 py4j.clientserver DEBUG Command to send: c
z:org.apache.spark.api.python.PythonUtils
isEncryptionEnabled
ro13
e

20:28:00,227 py4j.clientserver DEBUG Answer received: !ybfalse
20:28:00,227 py4j.clientserver DEBUG Command to send: r
u
PythonUtils
rj
e

20:28:00,229 py4j.clientserver DEBUG Answer received: !ycorg.apache.spark.api.python.PythonUtils
20:28:00,229 py4j.clientserver DEBUG Command to send: r
m
org.apache.spark.api.python.PythonUtils
getPythonAuthSocketTimeout
e

20:28:00,230 py4j.clientserver DEBUG Answer received: !ym
20:28:00,230 py4j.clientserver DEBUG Command to send: c
z:org.apache.spark.api.python.PythonUtils
getPythonAuthSocketTimeout
ro13
e

20:28:00,230 py4j.clientserver DEBUG Answer received: !yL15
20:28:00,230 py4j.clientserver DEBUG Command to send: r
u
PythonUtils
rj
e

20:28:00,232 py4j.clientserver DEBUG Answer received: !ycorg.apache.spark.api.python.PythonUtils
20:28:00,232 py4j.clientserver DEBUG Command to send: r
m
org.apache.spark.api.python.PythonUtils
getSparkBufferSize
e

20:28:00,232 py4j.clientserver DEBUG Answer received: !ym
20:28:00,232 py4j.clientserver DEBUG Command to send: c
z:org.apache.spark.api.python.PythonUtils
getSparkBufferSize
ro13
e

20:28:00,232 py4j.clientserver DEBUG Answer received: !yi65536
20:28:00,233 py4j.clientserver DEBUG Command to send: r
u
org
rj
e

20:28:00,236 py4j.clientserver DEBUG Answer received: !yp
20:28:00,236 py4j.clientserver DEBUG Command to send: r
u
org.apache
rj
e

20:28:00,237 py4j.clientserver DEBUG Answer received: !yp
20:28:00,237 py4j.clientserver DEBUG Command to send: r
u
org.apache.spark
rj
e

20:28:00,238 py4j.clientserver DEBUG Answer received: !yp
20:28:00,238 py4j.clientserver DEBUG Command to send: r
u
org.apache.spark.SparkFiles
rj
e

20:28:00,239 py4j.clientserver DEBUG Answer received: !ycorg.apache.spark.SparkFiles
20:28:00,239 py4j.clientserver DEBUG Command to send: r
m
org.apache.spark.SparkFiles
getRootDirectory
e

20:28:00,239 py4j.clientserver DEBUG Answer received: !ym
20:28:00,239 py4j.clientserver DEBUG Command to send: c
z:org.apache.spark.SparkFiles
getRootDirectory
e

20:28:00,241 py4j.clientserver DEBUG Answer received: !ysC:\\Users\\danie\\AppData\\Local\\Temp\\spark-65978f02-eb32-4d9c-8a92-44462d4c8140\\userFiles-c1529f18-0657-4385-954a-539b7827b6ad
20:28:00,241 py4j.clientserver DEBUG Command to send: c
o15
get
sspark.submit.pyFiles
s
e

20:28:00,241 py4j.clientserver DEBUG Answer received: !ys
20:28:00,242 py4j.clientserver DEBUG Command to send: r
u
org
rj
e

20:28:00,246 py4j.clientserver DEBUG Answer received: !yp
20:28:00,246 py4j.clientserver DEBUG Command to send: r
u
org.apache
rj
e

20:28:00,247 py4j.clientserver DEBUG Answer received: !yp
20:28:00,247 py4j.clientserver DEBUG Command to send: r
u
org.apache.spark
rj
e

20:28:00,248 py4j.clientserver DEBUG Answer received: !yp
20:28:00,248 py4j.clientserver DEBUG Command to send: r
u
org.apache.spark.util
rj
e

20:28:00,248 py4j.clientserver DEBUG Answer received: !yp
20:28:00,248 py4j.clientserver DEBUG Command to send: r
u
org.apache.spark.util.Utils
rj
e

20:28:00,251 py4j.clientserver DEBUG Answer received: !ycorg.apache.spark.util.Utils
20:28:00,251 py4j.clientserver DEBUG Command to send: r
m
org.apache.spark.util.Utils
getLocalDir
e

20:28:00,254 py4j.clientserver DEBUG Answer received: !ym
20:28:00,254 py4j.clientserver DEBUG Command to send: c
o13
sc
e

20:28:00,254 py4j.clientserver DEBUG Answer received: !yro18
20:28:00,254 py4j.clientserver DEBUG Command to send: c
o18
conf
e

20:28:00,254 py4j.clientserver DEBUG Answer received: !yro19
20:28:00,255 py4j.clientserver DEBUG Command to send: c
z:org.apache.spark.util.Utils
getLocalDir
ro19
e

20:28:00,255 py4j.clientserver DEBUG Answer received: !ysC:\\Users\\danie\\AppData\\Local\\Temp\\spark-65978f02-eb32-4d9c-8a92-44462d4c8140
20:28:00,255 py4j.clientserver DEBUG Command to send: r
u
org
rj
e

20:28:00,258 py4j.clientserver DEBUG Answer received: !yp
20:28:00,258 py4j.clientserver DEBUG Command to send: r
u
org.apache
rj
e

20:28:00,259 py4j.clientserver DEBUG Answer received: !yp
20:28:00,259 py4j.clientserver DEBUG Command to send: r
u
org.apache.spark
rj
e

20:28:00,260 py4j.clientserver DEBUG Answer received: !yp
20:28:00,260 py4j.clientserver DEBUG Command to send: r
u
org.apache.spark.util
rj
e

20:28:00,261 py4j.clientserver DEBUG Answer received: !yp
20:28:00,261 py4j.clientserver DEBUG Command to send: r
u
org.apache.spark.util.Utils
rj
e

20:28:00,261 py4j.clientserver DEBUG Answer received: !ycorg.apache.spark.util.Utils
20:28:00,261 py4j.clientserver DEBUG Command to send: r
m
org.apache.spark.util.Utils
createTempDir
e

20:28:00,262 py4j.clientserver DEBUG Answer received: !ym
20:28:00,262 py4j.clientserver DEBUG Command to send: c
z:org.apache.spark.util.Utils
createTempDir
sC:\\Users\\danie\\AppData\\Local\\Temp\\spark-65978f02-eb32-4d9c-8a92-44462d4c8140
spyspark
e

20:28:00,263 py4j.clientserver DEBUG Answer received: !yro20
20:28:00,263 py4j.clientserver DEBUG Command to send: c
o20
getAbsolutePath
e

20:28:00,264 py4j.clientserver DEBUG Answer received: !ysC:\\Users\\danie\\AppData\\Local\\Temp\\spark-65978f02-eb32-4d9c-8a92-44462d4c8140\\pyspark-9caa8dad-c809-4df4-b3f2-ebaf6e2dddae
20:28:00,264 py4j.clientserver DEBUG Command to send: c
o15
get
sspark.python.profile
sfalse
e

20:28:00,265 py4j.clientserver DEBUG Answer received: !ysfalse
20:28:00,265 py4j.clientserver DEBUG Command to send: r
u
SparkSession
rj
e

20:28:00,313 py4j.clientserver DEBUG Answer received: !ycorg.apache.spark.sql.SparkSession
20:28:00,313 py4j.clientserver DEBUG Command to send: r
m
org.apache.spark.sql.SparkSession
getDefaultSession
e

20:28:00,346 py4j.clientserver DEBUG Answer received: !ym
20:28:00,346 py4j.clientserver DEBUG Command to send: c
z:org.apache.spark.sql.SparkSession
getDefaultSession
e

20:28:00,348 py4j.clientserver DEBUG Answer received: !yro21
20:28:00,348 py4j.clientserver DEBUG Command to send: c
o21
isDefined
e

20:28:00,349 py4j.clientserver DEBUG Answer received: !ybfalse
20:28:00,349 py4j.clientserver DEBUG Command to send: r
u
SparkSession
rj
e

20:28:00,351 py4j.clientserver DEBUG Answer received: !ycorg.apache.spark.sql.SparkSession
20:28:00,351 py4j.clientserver DEBUG Command to send: c
o13
sc
e

20:28:00,351 py4j.clientserver DEBUG Answer received: !yro22
20:28:00,352 py4j.clientserver DEBUG Command to send: i
org.apache.spark.sql.SparkSession
ro22
e

20:28:00,442 py4j.clientserver DEBUG Answer received: !yro23
20:28:00,443 py4j.clientserver DEBUG Command to send: c
o23
sqlContext
e

20:28:00,443 py4j.clientserver DEBUG Answer received: !yro24
20:28:00,443 py4j.clientserver DEBUG Command to send: r
u
SparkSession
rj
e

20:28:00,445 py4j.clientserver DEBUG Answer received: !ycorg.apache.spark.sql.SparkSession
20:28:00,445 py4j.clientserver DEBUG Command to send: r
m
org.apache.spark.sql.SparkSession
setDefaultSession
e

20:28:00,445 py4j.clientserver DEBUG Answer received: !ym
20:28:00,446 py4j.clientserver DEBUG Command to send: c
z:org.apache.spark.sql.SparkSession
setDefaultSession
ro23
e

20:28:00,446 py4j.clientserver DEBUG Answer received: !yv
20:28:00,446 py4j.clientserver DEBUG Command to send: r
u
SparkSession
rj
e

20:28:00,448 py4j.clientserver DEBUG Answer received: !ycorg.apache.spark.sql.SparkSession
20:28:00,448 py4j.clientserver DEBUG Command to send: r
m
org.apache.spark.sql.SparkSession
setActiveSession
e

20:28:00,448 py4j.clientserver DEBUG Answer received: !ym
20:28:00,448 py4j.clientserver DEBUG Command to send: c
z:org.apache.spark.sql.SparkSession
setActiveSession
ro23
e

20:28:00,448 py4j.clientserver DEBUG Answer received: !yv
20:28:00,448 py4j.clientserver DEBUG Command to send: c
o23
sessionState
e

20:28:00,734 py4j.clientserver DEBUG Command to send: m
d
o0
e

20:28:00,736 py4j.clientserver DEBUG Answer received: !yv
20:28:00,736 py4j.clientserver DEBUG Command to send: m
d
o6
e

20:28:00,736 py4j.clientserver DEBUG Answer received: !yv
20:28:00,736 py4j.clientserver DEBUG Command to send: m
d
o7
e

20:28:00,736 py4j.clientserver DEBUG Answer received: !yv
20:28:00,736 py4j.clientserver DEBUG Command to send: m
d
o8
e

20:28:00,737 py4j.clientserver DEBUG Answer received: !yv
20:28:00,737 py4j.clientserver DEBUG Command to send: m
d
o9
e

20:28:00,737 py4j.clientserver DEBUG Answer received: !yv
20:28:00,737 py4j.clientserver DEBUG Command to send: m
d
o10
e

20:28:00,737 py4j.clientserver DEBUG Answer received: !yv
20:28:00,737 py4j.clientserver DEBUG Command to send: m
d
o11
e

20:28:00,737 py4j.clientserver DEBUG Answer received: !yv
20:28:00,738 py4j.clientserver DEBUG Command to send: m
d
o12
e

20:28:00,738 py4j.clientserver DEBUG Answer received: !yv
20:28:00,738 py4j.clientserver DEBUG Command to send: m
d
o14
e

20:28:00,739 py4j.clientserver DEBUG Answer received: !yv
20:28:01,778 py4j.clientserver DEBUG Answer received: !yro25
20:28:01,778 py4j.clientserver DEBUG Command to send: c
o25
conf
e

20:28:01,779 py4j.clientserver DEBUG Answer received: !yro26
20:28:01,780 py4j.clientserver DEBUG Command to send: c
o26
setConfString
sspark.master
slocal
e

20:28:01,782 py4j.clientserver DEBUG Answer received: !yv
20:28:01,782 py4j.clientserver DEBUG Command to send: c
o23
sessionState
e

20:28:01,782 py4j.clientserver DEBUG Answer received: !yro27
20:28:01,782 py4j.clientserver DEBUG Command to send: c
o27
conf
e

20:28:01,783 py4j.clientserver DEBUG Answer received: !yro28
20:28:01,783 py4j.clientserver DEBUG Command to send: c
o28
setConfString
sspark.app.name
sapp
e

20:28:01,783 py4j.clientserver DEBUG Answer received: !yv
20:28:01,783 py4j.clientserver DEBUG Command to send: c
o13
setLogLevel
sWARN
e

20:28:01,784 py4j.clientserver DEBUG Answer received: !yv
20:28:01,784 py4j.clientserver DEBUG Command to send: c
o24
read
e

20:28:01,793 py4j.clientserver DEBUG Answer received: !yro29
20:28:01,793 py4j.clientserver DEBUG Command to send: r
u
PythonUtils
rj
e

20:28:01,794 py4j.clientserver DEBUG Answer received: !ycorg.apache.spark.api.python.PythonUtils
20:28:01,794 py4j.clientserver DEBUG Command to send: r
m
org.apache.spark.api.python.PythonUtils
toSeq
e

20:28:01,795 py4j.clientserver DEBUG Answer received: !ym
20:28:01,795 py4j.clientserver DEBUG Command to send: i
java.util.ArrayList
e

20:28:01,795 py4j.clientserver DEBUG Answer received: !ylo30
20:28:01,795 py4j.clientserver DEBUG Command to send: c
o30
add
sC:\\GitRepos\\Springboard\\Capstone\\output\\divs_and_prices\\
e

20:28:01,797 py4j.clientserver DEBUG Answer received: !ybtrue
20:28:01,797 py4j.clientserver DEBUG Command to send: c
z:org.apache.spark.api.python.PythonUtils
toSeq
ro30
e

20:28:01,797 py4j.clientserver DEBUG Answer received: !yro31
20:28:01,798 py4j.clientserver DEBUG Command to send: c
o29
parquet
ro31
e

20:28:02,758 py4j.clientserver DEBUG Command to send: m
d
o30
e

20:28:02,759 py4j.clientserver DEBUG Answer received: !yv
20:28:10,125 py4j.clientserver DEBUG Answer received: !yro32
20:28:10,126 py4j.clientserver DEBUG Command to send: c
o32
createOrReplaceTempView
sall_data
e

20:28:10,647 py4j.clientserver DEBUG Answer received: !yv
20:28:10,647 py4j.clientserver DEBUG Command to send: c
o23
sql
s\n            SELECT \n                b.Ticker,\n                b.FreqType, \n                b.ExDivDate,\n                b.ExDivDays AS b_ExDivDays,\n                a.ExDivDays AS a_ExDivDays,\n                b.AvgPrice AS b_AvgPrice,\n                a.AvgPrice AS a_AvgPrice,\n                b.AdjAmount AS Dividend,\n                b.SandPAvgPrice AS b_SandPAvgPrice,\n                a.SandPAvgPrice AS a_SandPAvgPrice,\n                ((a.AvgPrice + a.AdjAmount) - b.AvgPrice) / b.AvgPrice AS TickerReturn,\n                (a.SandPAvgPrice - b.SandPAvgPrice) / b.SandPAvgPrice AS SandPReturn\n            FROM all_data b\n                INNER JOIN all_data a ON b.Ticker = a.Ticker\n                    AND b.ExDivDate = a.ExDivDate\n            --WHERE b.ExDivDays BETWEEN -1 AND -30 \n            --    AND a.ExDivDays BETWEEN 0 AND 30\n            
e

20:28:10,874 py4j.clientserver DEBUG Answer received: !yro33
20:28:10,875 py4j.clientserver DEBUG Command to send: c
o33
createOrReplaceTempView
sdiv_returns
e

20:28:10,893 py4j.clientserver DEBUG Answer received: !yv
20:28:10,893 py4j.clientserver DEBUG Command to send: c
o23
sql
s\n            SELECT Ticker, \n                b_ExDivDays AS BeforeDays, \n                a_ExDivDays AS AfterDays,\n                AVG(TickerReturn - SandPReturn) AS ReturnVsSandP\n            FROM div_returns\n            GROUP BY Ticker, b_ExDivDays, a_ExDivDays\n            ORDER BY ReturnVsSandP DESC\n            
e

20:28:10,972 py4j.clientserver DEBUG Answer received: !yro34
20:28:10,973 py4j.clientserver DEBUG Command to send: c
o33
write
e

20:28:10,981 py4j.clientserver DEBUG Answer received: !yro35
20:28:10,981 py4j.clientserver DEBUG Command to send: r
u
PythonUtils
rj
e

20:28:10,982 py4j.clientserver DEBUG Answer received: !ycorg.apache.spark.api.python.PythonUtils
20:28:10,983 py4j.clientserver DEBUG Command to send: r
m
org.apache.spark.api.python.PythonUtils
toSeq
e

20:28:10,983 py4j.clientserver DEBUG Answer received: !ym
20:28:10,983 py4j.clientserver DEBUG Command to send: i
java.util.ArrayList
e

20:28:10,983 py4j.clientserver DEBUG Answer received: !ylo36
20:28:10,983 py4j.clientserver DEBUG Command to send: c
o36
add
sTicker
e

20:28:10,984 py4j.clientserver DEBUG Answer received: !ybtrue
20:28:10,984 py4j.clientserver DEBUG Command to send: c
z:org.apache.spark.api.python.PythonUtils
toSeq
ro36
e

20:28:10,984 py4j.clientserver DEBUG Answer received: !yro37
20:28:10,984 py4j.clientserver DEBUG Command to send: c
o35
partitionBy
ro37
e

20:28:10,987 py4j.clientserver DEBUG Answer received: !yro38
20:28:10,988 py4j.clientserver DEBUG Command to send: c
o38
mode
soverwrite
e

20:28:10,988 py4j.clientserver DEBUG Answer received: !yro39
20:28:10,988 py4j.clientserver DEBUG Command to send: c
o39
parquet
soutput/days_returns
e

20:28:11,847 py4j.clientserver DEBUG Command to send: m
d
o36
e

20:28:11,848 py4j.clientserver DEBUG Answer received: !yv
20:28:25,936 py4j.clientserver DEBUG Command to send: c
o13
sc
e

20:28:25,937 py4j.clientserver INFO Error while receiving.
Traceback (most recent call last):
  File "C:\ProgramData\Anaconda3\lib\site-packages\py4j\clientserver.py", line 475, in send_command
    answer = smart_decode(self.stream.readline()[:-1])
RuntimeError: reentrant call inside <_io.BufferedReader name=672>
20:28:25,939 py4j.clientserver INFO Closing down clientserver connection
20:28:25,939 py4j.java_gateway DEBUG Exception while closing
Traceback (most recent call last):
  File "C:\ProgramData\Anaconda3\lib\site-packages\py4j\clientserver.py", line 475, in send_command
    answer = smart_decode(self.stream.readline()[:-1])
RuntimeError: reentrant call inside <_io.BufferedReader name=672>

During handling of the above exception, another exception occurred:

Traceback (most recent call last):
  File "C:\ProgramData\Anaconda3\lib\site-packages\py4j\java_gateway.py", line 1038, in send_command
    response = connection.send_command(command)
  File "C:\ProgramData\Anaconda3\lib\site-packages\py4j\clientserver.py", line 503, in send_command
    raise Py4JNetworkError(
py4j.protocol.Py4JNetworkError: Error while sending or receiving

During handling of the above exception, another exception occurred:

Traceback (most recent call last):
  File "C:\ProgramData\Anaconda3\lib\site-packages\py4j\java_gateway.py", line 488, in quiet_close
    closable.close()
RuntimeError: reentrant call inside <_io.BufferedReader name=672>
20:28:25,940 root ERROR Exception while sending command.
Traceback (most recent call last):
  File "C:\ProgramData\Anaconda3\lib\site-packages\py4j\clientserver.py", line 475, in send_command
    answer = smart_decode(self.stream.readline()[:-1])
RuntimeError: reentrant call inside <_io.BufferedReader name=672>

During handling of the above exception, another exception occurred:

Traceback (most recent call last):
  File "C:\ProgramData\Anaconda3\lib\site-packages\py4j\java_gateway.py", line 1038, in send_command
    response = connection.send_command(command)
  File "C:\ProgramData\Anaconda3\lib\site-packages\py4j\clientserver.py", line 503, in send_command
    raise Py4JNetworkError(
py4j.protocol.Py4JNetworkError: Error while sending or receiving
20:28:25,941 py4j.clientserver INFO Error while receiving.
Traceback (most recent call last):
  File "C:\ProgramData\Anaconda3\lib\site-packages\py4j\clientserver.py", line 475, in send_command
    answer = smart_decode(self.stream.readline()[:-1])
  File "C:\ProgramData\Anaconda3\lib\socket.py", line 669, in readinto
    return self._sock.recv_into(b)
  File "C:\ProgramData\Anaconda3\lib\site-packages\pyspark\context.py", line 292, in signal_handler
    self.cancelAllJobs()
  File "C:\ProgramData\Anaconda3\lib\site-packages\pyspark\context.py", line 1195, in cancelAllJobs
    self._jsc.sc().cancelAllJobs()
  File "C:\ProgramData\Anaconda3\lib\site-packages\py4j\java_gateway.py", line 1309, in __call__
    return_value = get_return_value(
  File "C:\ProgramData\Anaconda3\lib\site-packages\pyspark\sql\utils.py", line 111, in deco
    return f(*a, **kw)
  File "C:\ProgramData\Anaconda3\lib\site-packages\py4j\protocol.py", line 334, in get_return_value
    raise Py4JError(
py4j.protocol.Py4JError: An error occurred while calling o13.sc
20:28:25,952 py4j.clientserver INFO Closing down clientserver connection
20:28:25,952 root ERROR Exception while sending command.
Traceback (most recent call last):
  File "C:\ProgramData\Anaconda3\lib\site-packages\py4j\clientserver.py", line 475, in send_command
    answer = smart_decode(self.stream.readline()[:-1])
  File "C:\ProgramData\Anaconda3\lib\socket.py", line 669, in readinto
    return self._sock.recv_into(b)
  File "C:\ProgramData\Anaconda3\lib\site-packages\pyspark\context.py", line 292, in signal_handler
    self.cancelAllJobs()
  File "C:\ProgramData\Anaconda3\lib\site-packages\pyspark\context.py", line 1195, in cancelAllJobs
    self._jsc.sc().cancelAllJobs()
  File "C:\ProgramData\Anaconda3\lib\site-packages\py4j\java_gateway.py", line 1309, in __call__
    return_value = get_return_value(
  File "C:\ProgramData\Anaconda3\lib\site-packages\pyspark\sql\utils.py", line 111, in deco
    return f(*a, **kw)
  File "C:\ProgramData\Anaconda3\lib\site-packages\py4j\protocol.py", line 334, in get_return_value
    raise Py4JError(
py4j.protocol.Py4JError: An error occurred while calling o13.sc

During handling of the above exception, another exception occurred:

Traceback (most recent call last):
  File "C:\ProgramData\Anaconda3\lib\site-packages\py4j\java_gateway.py", line 1038, in send_command
    response = connection.send_command(command)
  File "C:\ProgramData\Anaconda3\lib\site-packages\py4j\clientserver.py", line 503, in send_command
    raise Py4JNetworkError(
py4j.protocol.Py4JNetworkError: Error while sending or receiving
